<?xml version="1.0" encoding="UTF-8" standalone="no"?>
<testsuite errors="0" failures="1" name="io.cucumber.core.plugin.JUnitFormatter" skipped="0" tests="7" time="82.194">
    <testcase classname="Test Successful and Unssuccessful Logins" name="Navigate to website then retrieve credentials and check login" time="19.886">
        <system-out>
            <![CDATA[Given user logs into application............................................passed
Then click on Form Authentication link......................................passed
Then retrieve credentials and store to file.................................passed
Then read json and login....................................................passed
Then validate login success and logout......................................passed
Then validate login failure.................................................passed
]]>
        </system-out>
    </testcase>
    <testcase classname="Test Successful and Unssuccessful Logins - Failure" name="Navigate to website then retrieve credentials and check login - Failure" time="6.681">
        <failure message="expected:&lt;The Internet[]&gt; but was:&lt;The Internet[1]&gt;" type="org.junit.ComparisonFailure">
            <![CDATA[Given user logs into application failure....................................failed
Then click on Form Authentication link......................................skipped
Then retrieve credentials and store to file.................................skipped
Then read json and login....................................................skipped
Then validate login success and logout......................................skipped
Then validate login failure.................................................skipped

StackTrace:
org.junit.ComparisonFailure: expected:<The Internet[]> but was:<The Internet[1]>
	at org.junit.Assert.assertEquals(Assert.java:117)
	at org.junit.Assert.assertEquals(Assert.java:146)
	at stepDefinitions.StepDefinition.loginApplicationFailure(StepDefinition.java:89)
	at ✽.user logs into application failure(file:///C:/Users/ACER/Desktop/Ramesh/src/test/resources/features/TestCase1_Failure.feature:13)
]]>
        </failure>
    </testcase>
    <testcase classname="Validate progress bar and final message" name="Navigate to website and check progress bar and confirmation" time="13.646">
        <system-out>
            <![CDATA[Given user logs into application............................................passed
Then click on Dynamic Loading link..........................................passed
Then click on Example 2: Element rendered after the fact link...............passed
Then click on start button..................................................passed
Then validate the progress bar & verify final message.......................passed
]]>
        </system-out>
    </testcase>
    <testcase classname="Switch tab then close and log URL" name="Switch to tab then log URL and close and then log current page URL" time="7.565">
        <system-out>
            <![CDATA[Given user logs into application............................................passed
Then click on Multiple Windows link.........................................passed
Then click on Click Here link...............................................passed
Then Log the URL of new tab and close it....................................passed
Then Log the title of the current page......................................passed
]]>
        </system-out>
    </testcase>
    <testcase classname="Drag and Drop and then take screenshot" name="Perform Drag and Drop and then take screenshot" time="11.422">
        <system-out>
            <![CDATA[Given user logs into application............................................passed
Then click on Drag and Drop link............................................passed
Then Drag box A and drop it into B and validate success.....................passed
Then Take Screenshot TestCase4_Drag_Drop....................................passed
]]>
        </system-out>
    </testcase>
    <testcase classname="Select Frame then apply style and then take screenshot" name="Perform action with Frame then apply style and then take screenshot" time="14.033">
        <system-out>
            <![CDATA[Given user logs into application............................................passed
Then click on Frames link...................................................passed
Then click on iFrame link...................................................passed
Then clear text and enter Testing Scenario and apply bold style to text.....passed
Then Take Screenshot TestCase5_Text_Style...................................passed
]]>
        </system-out>
    </testcase>
    <testcase classname="Javascript alert and cancel and validate message" name="Perform action on Javascript alert and cancel and validate message" time="7.35">
        <system-out>
            <![CDATA[Given user logs into application............................................passed
Then click on JavaScript Alerts link........................................passed
Then click on button........................................................passed
Then cancel the alert.......................................................passed
Then validate the canceled message..........................................passed
Then Take Screenshot TestCase6_Cancel_Message...............................passed
]]>
        </system-out>
    </testcase>
</testsuite>
