<?xml version="1.0" encoding="UTF-8"?>
<testng-results ignored="0" total="1" passed="1" failed="0" skipped="0">
  <reporter-output>
  </reporter-output>
  <suite started-at="2022-01-16T22:02:53Z" name="Default suite" finished-at="2022-01-16T22:03:09Z" duration-ms="15809">
    <groups>
    </groups>
    <test started-at="2022-01-16T22:02:53Z" name="Default test" finished-at="2022-01-16T22:03:09Z" duration-ms="15809">
      <class name="stepDefinitions.ApiStepDefinitions">
        <test-method signature="iAmAnAuthorizedUser()[pri:0, instance:stepDefinitions.ApiStepDefinitions@3081f72c]" started-at="2022-01-17T03:32:53Z" name="iAmAnAuthorizedUser" finished-at="2022-01-17T03:33:09Z" duration-ms="15683" status="PASS">
          <reporter-output>
          </reporter-output>
        </test-method> <!-- iAmAnAuthorizedUser -->
      </class> <!-- stepDefinitions.ApiStepDefinitions -->
    </test> <!-- Default test -->
  </suite> <!-- Default suite -->
</testng-results>
